[ 2016-08-22T16:55:55+08:00 ] 127.0.0.1 /jiaowu/index.php/Home/Index/
INFO: [ app_init ] --START--
INFO: Run Behavior\BuildLiteBehavior [ RunTime:0.000010s ]
INFO: [ app_init ] --END-- [ RunTime:0.000329s ]
INFO: [ app_begin ] --START--
INFO: Run Behavior\ReadHtmlCacheBehavior [ RunTime:0.000603s ]
INFO: [ app_begin ] --END-- [ RunTime:0.000665s ]
INFO: [ view_parse ] --START--
INFO: [ template_filter ] --START--
INFO: Run Behavior\ContentReplaceBehavior [ RunTime:0.000052s ]
INFO: [ template_filter ] --END-- [ RunTime:0.000097s ]
INFO: Run Behavior\ParseTemplateBehavior [ RunTime:0.014992s ]
INFO: [ view_parse ] --END-- [ RunTime:0.015044s ]
INFO: [ view_filter ] --START--
INFO: Run Behavior\WriteHtmlCacheBehavior [ RunTime:0.000298s ]
INFO: [ view_filter ] --END-- [ RunTime:0.000327s ]
INFO: [ app_end ] --START--
INFO: Run Behavior\ShowPageTraceBehavior [ RunTime:0.000498s ]
INFO: [ app_end ] --END-- [ RunTime:0.000530s ]

[ 2016-08-22T16:55:55+08:00 ] 127.0.0.1 /jiaowu/index.php/Home/Index/verify.html
INFO: [ app_init ] --START--
INFO: Run Behavior\BuildLiteBehavior [ RunTime:0.000013s ]
INFO: [ app_init ] --END-- [ RunTime:0.000358s ]
INFO: [ app_begin ] --START--
INFO: Run Behavior\ReadHtmlCacheBehavior [ RunTime:0.000701s ]
INFO: [ app_begin ] --END-- [ RunTime:0.000762s ]
INFO: [ app_end ] --START--
INFO: Run Behavior\ShowPageTraceBehavior [ RunTime:0.001049s ]
INFO: [ app_end ] --END-- [ RunTime:0.001145s ]

[ 2016-08-22T17:45:23+08:00 ] 127.0.0.1 /jiaowu/index.php/Home/Index/
INFO: [ app_init ] --START--
INFO: Run Behavior\BuildLiteBehavior [ RunTime:0.000013s ]
INFO: [ app_init ] --END-- [ RunTime:0.000301s ]
INFO: [ app_begin ] --START--
INFO: Run Behavior\ReadHtmlCacheBehavior [ RunTime:0.000784s ]
INFO: [ app_begin ] --END-- [ RunTime:0.000859s ]
INFO: [ view_parse ] --START--
INFO: [ template_filter ] --START--
INFO: Run Behavior\ContentReplaceBehavior [ RunTime:0.000049s ]
INFO: [ template_filter ] --END-- [ RunTime:0.000090s ]
INFO: Run Behavior\ParseTemplateBehavior [ RunTime:0.008520s ]
INFO: [ view_parse ] --END-- [ RunTime:0.008583s ]
INFO: [ view_filter ] --START--
INFO: Run Behavior\WriteHtmlCacheBehavior [ RunTime:0.000310s ]
INFO: [ view_filter ] --END-- [ RunTime:0.000340s ]
INFO: [ app_end ] --START--
INFO: Run Behavior\ShowPageTraceBehavior [ RunTime:0.000488s ]
INFO: [ app_end ] --END-- [ RunTime:0.000521s ]

[ 2016-08-22T17:45:23+08:00 ] 127.0.0.1 /jiaowu/index.php/Home/Index/verify.html
INFO: [ app_init ] --START--
INFO: Run Behavior\BuildLiteBehavior [ RunTime:0.000013s ]
INFO: [ app_init ] --END-- [ RunTime:0.000298s ]
INFO: [ app_begin ] --START--
INFO: Run Behavior\ReadHtmlCacheBehavior [ RunTime:0.000523s ]
INFO: [ app_begin ] --END-- [ RunTime:0.000566s ]
INFO: [ app_end ] --START--
INFO: Run Behavior\ShowPageTraceBehavior [ RunTime:0.000934s ]
INFO: [ app_end ] --END-- [ RunTime:0.001014s ]

[ 2016-08-22T17:45:25+08:00 ] 127.0.0.1 /jiaowu/index.php/Home/Feddback/index.html
INFO: [ app_init ] --START--
INFO: Run Behavior\BuildLiteBehavior [ RunTime:0.000014s ]
INFO: [ app_init ] --END-- [ RunTime:0.000430s ]
INFO: [ app_begin ] --START--
INFO: Run Behavior\ReadHtmlCacheBehavior [ RunTime:0.000519s ]
INFO: [ app_begin ] --END-- [ RunTime:0.000559s ]
INFO: [ view_parse ] --START--
INFO: [ template_filter ] --START--
INFO: Run Behavior\ContentReplaceBehavior [ RunTime:0.000056s ]
INFO: [ template_filter ] --END-- [ RunTime:0.000102s ]
INFO: Run Behavior\ParseTemplateBehavior [ RunTime:0.019866s ]
INFO: [ view_parse ] --END-- [ RunTime:0.019961s ]
INFO: [ view_filter ] --START--
INFO: Run Behavior\WriteHtmlCacheBehavior [ RunTime:0.000320s ]
INFO: [ view_filter ] --END-- [ RunTime:0.000351s ]
INFO: [ app_end ] --START--
INFO: Run Behavior\ShowPageTraceBehavior [ RunTime:0.000499s ]
INFO: [ app_end ] --END-- [ RunTime:0.000532s ]

[ 2016-08-22T17:45:28+08:00 ] 127.0.0.1 /jiaowu/index.php/Home/Feddback/cuser
INFO: [ app_init ] --START--
INFO: Run Behavior\BuildLiteBehavior [ RunTime:0.000012s ]
INFO: [ app_init ] --END-- [ RunTime:0.000270s ]
INFO: [ app_begin ] --START--
INFO: Run Behavior\ReadHtmlCacheBehavior [ RunTime:0.000483s ]
INFO: [ app_begin ] --END-- [ RunTime:0.000521s ]
INFO: [ app_end ] --START--
INFO: Run Behavior\ShowPageTraceBehavior [ RunTime:0.000613s ]
INFO: [ app_end ] --END-- [ RunTime:0.000689s ]

[ 2016-08-22T17:45:32+08:00 ] 127.0.0.1 /jiaowu/index.php/Home/Feddback/cuser
INFO: [ app_init ] --START--
INFO: Run Behavior\BuildLiteBehavior [ RunTime:0.000022s ]
INFO: [ app_init ] --END-- [ RunTime:0.000297s ]
INFO: [ app_begin ] --START--
INFO: Run Behavior\ReadHtmlCacheBehavior [ RunTime:0.000510s ]
INFO: [ app_begin ] --END-- [ RunTime:0.000549s ]
INFO: [ app_end ] --START--
INFO: Run Behavior\ShowPageTraceBehavior [ RunTime:0.000801s ]
INFO: [ app_end ] --END-- [ RunTime:0.000857s ]

[ 2016-08-22T17:45:37+08:00 ] 127.0.0.1 /jiaowu/index.php/Home/Feddback/charu
INFO: [ app_init ] --START--
INFO: Run Behavior\BuildLiteBehavior [ RunTime:0.000011s ]
INFO: [ app_init ] --END-- [ RunTime:0.000270s ]
INFO: [ app_begin ] --START--
INFO: Run Behavior\ReadHtmlCacheBehavior [ RunTime:0.000489s ]
INFO: [ app_begin ] --END-- [ RunTime:0.000525s ]
NOTIC: [8] Use of undefined constant htmlspecialchars - assumed 'htmlspecialchars' H:\WWW\www\jiaowu\Application\Home\Controller\FeddbackController.class.php 第 9 行.
NOTIC: [8] Use of undefined constant htmlspecialchars - assumed 'htmlspecialchars' H:\WWW\www\jiaowu\Application\Home\Controller\FeddbackController.class.php 第 10 行.
NOTIC: [8] Use of undefined constant htmlspecialchars - assumed 'htmlspecialchars' H:\WWW\www\jiaowu\Application\Home\Controller\FeddbackController.class.php 第 11 行.
NOTIC: [8] Use of undefined constant htmlspecialchars - assumed 'htmlspecialchars' H:\WWW\www\jiaowu\Application\Home\Controller\FeddbackController.class.php 第 12 行.
NOTIC: [8] Use of undefined constant htmlspecialchars - assumed 'htmlspecialchars' H:\WWW\www\jiaowu\Application\Home\Controller\FeddbackController.class.php 第 13 行.
NOTIC: [8] Use of undefined constant htmlspecialchars - assumed 'htmlspecialchars' H:\WWW\www\jiaowu\Application\Home\Controller\FeddbackController.class.php 第 14 行.
NOTIC: [8] Use of undefined constant htmlspecialchars - assumed 'htmlspecialchars' H:\WWW\www\jiaowu\Application\Home\Controller\FeddbackController.class.php 第 15 行.
NOTIC: [8] Use of undefined constant htmlspecialchars - assumed 'htmlspecialchars' H:\WWW\www\jiaowu\Application\Home\Controller\FeddbackController.class.php 第 16 行.
INFO: [ app_end ] --START--
INFO: Run Behavior\ShowPageTraceBehavior [ RunTime:0.000606s ]
INFO: [ app_end ] --END-- [ RunTime:0.000654s ]

[ 2016-08-22T17:45:51+08:00 ] 127.0.0.1 /jiaowu/index.php/Home/Feddback/cuser
INFO: [ app_init ] --START--
INFO: Run Behavior\BuildLiteBehavior [ RunTime:0.000012s ]
INFO: [ app_init ] --END-- [ RunTime:0.000299s ]
INFO: [ app_begin ] --START--
INFO: Run Behavior\ReadHtmlCacheBehavior [ RunTime:0.000531s ]
INFO: [ app_begin ] --END-- [ RunTime:0.000579s ]
INFO: [ app_end ] --START--
INFO: Run Behavior\ShowPageTraceBehavior [ RunTime:0.000792s ]
INFO: [ app_end ] --END-- [ RunTime:0.000875s ]

[ 2016-08-22T17:45:58+08:00 ] 127.0.0.1 /jiaowu/index.php/Home/Feddback/cuser
INFO: [ app_init ] --START--
INFO: Run Behavior\BuildLiteBehavior [ RunTime:0.000013s ]
INFO: [ app_init ] --END-- [ RunTime:0.000274s ]
INFO: [ app_begin ] --START--
INFO: Run Behavior\ReadHtmlCacheBehavior [ RunTime:0.000489s ]
INFO: [ app_begin ] --END-- [ RunTime:0.000526s ]
INFO: [ app_end ] --START--
INFO: Run Behavior\ShowPageTraceBehavior [ RunTime:0.000720s ]
INFO: [ app_end ] --END-- [ RunTime:0.000775s ]

[ 2016-08-22T17:46:01+08:00 ] 127.0.0.1 /jiaowu/index.php/Home/Feddback/charu
INFO: [ app_init ] --START--
INFO: Run Behavior\BuildLiteBehavior [ RunTime:0.000012s ]
INFO: [ app_init ] --END-- [ RunTime:0.000271s ]
INFO: [ app_begin ] --START--
INFO: Run Behavior\ReadHtmlCacheBehavior [ RunTime:0.000510s ]
INFO: [ app_begin ] --END-- [ RunTime:0.000547s ]
NOTIC: [8] Use of undefined constant htmlspecialchars - assumed 'htmlspecialchars' H:\WWW\www\jiaowu\Application\Home\Controller\FeddbackController.class.php 第 9 行.
NOTIC: [8] Use of undefined constant htmlspecialchars - assumed 'htmlspecialchars' H:\WWW\www\jiaowu\Application\Home\Controller\FeddbackController.class.php 第 10 行.
NOTIC: [8] Use of undefined constant htmlspecialchars - assumed 'htmlspecialchars' H:\WWW\www\jiaowu\Application\Home\Controller\FeddbackController.class.php 第 11 行.
NOTIC: [8] Use of undefined constant htmlspecialchars - assumed 'htmlspecialchars' H:\WWW\www\jiaowu\Application\Home\Controller\FeddbackController.class.php 第 12 行.
NOTIC: [8] Use of undefined constant htmlspecialchars - assumed 'htmlspecialchars' H:\WWW\www\jiaowu\Application\Home\Controller\FeddbackController.class.php 第 13 行.
NOTIC: [8] Use of undefined constant htmlspecialchars - assumed 'htmlspecialchars' H:\WWW\www\jiaowu\Application\Home\Controller\FeddbackController.class.php 第 14 行.
NOTIC: [8] Use of undefined constant htmlspecialchars - assumed 'htmlspecialchars' H:\WWW\www\jiaowu\Application\Home\Controller\FeddbackController.class.php 第 15 行.
NOTIC: [8] Use of undefined constant htmlspecialchars - assumed 'htmlspecialchars' H:\WWW\www\jiaowu\Application\Home\Controller\FeddbackController.class.php 第 16 行.
INFO: [ app_end ] --START--
INFO: Run Behavior\ShowPageTraceBehavior [ RunTime:0.000578s ]
INFO: [ app_end ] --END-- [ RunTime:0.000628s ]

[ 2016-08-22T17:47:01+08:00 ] 127.0.0.1 /jiaowu/index.php/Home/Feddback/cuser
INFO: [ app_init ] --START--
INFO: Run Behavior\BuildLiteBehavior [ RunTime:0.000013s ]
INFO: [ app_init ] --END-- [ RunTime:0.000319s ]
INFO: [ app_begin ] --START--
INFO: Run Behavior\ReadHtmlCacheBehavior [ RunTime:0.000568s ]
INFO: [ app_begin ] --END-- [ RunTime:0.000621s ]
INFO: [ app_end ] --START--
INFO: Run Behavior\ShowPageTraceBehavior [ RunTime:0.000896s ]
INFO: [ app_end ] --END-- [ RunTime:0.000986s ]

[ 2016-08-22T17:47:01+08:00 ] 127.0.0.1 /jiaowu/index.php/Home/Index/verify.html
INFO: [ app_init ] --START--
INFO: Run Behavior\BuildLiteBehavior [ RunTime:0.000020s ]
INFO: [ app_init ] --END-- [ RunTime:0.000464s ]
INFO: [ app_begin ] --START--
INFO: Run Behavior\ReadHtmlCacheBehavior [ RunTime:0.001041s ]
INFO: [ app_begin ] --END-- [ RunTime:0.001105s ]
INFO: [ app_end ] --START--
INFO: Run Behavior\ShowPageTraceBehavior [ RunTime:0.001450s ]
INFO: [ app_end ] --END-- [ RunTime:0.001547s ]

[ 2016-08-22T17:47:03+08:00 ] 127.0.0.1 /jiaowu/index.php/Home/Index/
INFO: [ app_init ] --START--
INFO: Run Behavior\BuildLiteBehavior [ RunTime:0.000015s ]
INFO: [ app_init ] --END-- [ RunTime:0.000404s ]
INFO: [ app_begin ] --START--
INFO: Run Behavior\ReadHtmlCacheBehavior [ RunTime:0.000588s ]
INFO: [ app_begin ] --END-- [ RunTime:0.000630s ]
INFO: [ view_parse ] --START--
INFO: [ template_filter ] --START--
INFO: Run Behavior\ContentReplaceBehavior [ RunTime:0.000079s ]
INFO: [ template_filter ] --END-- [ RunTime:0.000117s ]
INFO: Run Behavior\ParseTemplateBehavior [ RunTime:0.008262s ]
INFO: [ view_parse ] --END-- [ RunTime:0.008355s ]
INFO: [ view_filter ] --START--
INFO: Run Behavior\WriteHtmlCacheBehavior [ RunTime:0.000608s ]
INFO: [ view_filter ] --END-- [ RunTime:0.000653s ]
INFO: [ app_end ] --START--
INFO: Run Behavior\ShowPageTraceBehavior [ RunTime:0.000831s ]
INFO: [ app_end ] --END-- [ RunTime:0.000874s ]

[ 2016-08-22T17:47:04+08:00 ] 127.0.0.1 /jiaowu/index.php/Home/Index/verify.html
INFO: [ app_init ] --START--
INFO: Run Behavior\BuildLiteBehavior [ RunTime:0.000013s ]
INFO: [ app_init ] --END-- [ RunTime:0.000359s ]
INFO: [ app_begin ] --START--
INFO: Run Behavior\ReadHtmlCacheBehavior [ RunTime:0.004617s ]
INFO: [ app_begin ] --END-- [ RunTime:0.004714s ]
INFO: [ app_end ] --START--
INFO: Run Behavior\ShowPageTraceBehavior [ RunTime:0.000967s ]
INFO: [ app_end ] --END-- [ RunTime:0.001055s ]

[ 2016-08-22T17:47:06+08:00 ] 127.0.0.1 /jiaowu/index.php/Home/Index/
INFO: [ app_init ] --START--
INFO: Run Behavior\BuildLiteBehavior [ RunTime:0.000012s ]
INFO: [ app_init ] --END-- [ RunTime:0.000326s ]
INFO: [ app_begin ] --START--
INFO: Run Behavior\ReadHtmlCacheBehavior [ RunTime:0.000571s ]
INFO: [ app_begin ] --END-- [ RunTime:0.000609s ]
INFO: [ view_parse ] --START--
INFO: [ template_filter ] --START--
INFO: Run Behavior\ContentReplaceBehavior [ RunTime:0.000104s ]
INFO: [ template_filter ] --END-- [ RunTime:0.000159s ]
INFO: Run Behavior\ParseTemplateBehavior [ RunTime:0.008899s ]
INFO: [ view_parse ] --END-- [ RunTime:0.008947s ]
INFO: [ view_filter ] --START--
INFO: Run Behavior\WriteHtmlCacheBehavior [ RunTime:0.000373s ]
INFO: [ view_filter ] --END-- [ RunTime:0.000402s ]
INFO: [ app_end ] --START--
INFO: Run Behavior\ShowPageTraceBehavior [ RunTime:0.000547s ]
INFO: [ app_end ] --END-- [ RunTime:0.000580s ]

[ 2016-08-22T17:47:06+08:00 ] 127.0.0.1 /jiaowu/index.php/Home/Index/verify.html
INFO: [ app_init ] --START--
INFO: Run Behavior\BuildLiteBehavior [ RunTime:0.000022s ]
INFO: [ app_init ] --END-- [ RunTime:0.001130s ]
INFO: [ app_begin ] --START--
INFO: Run Behavior\ReadHtmlCacheBehavior [ RunTime:0.001027s ]
INFO: [ app_begin ] --END-- [ RunTime:0.001128s ]
INFO: [ app_end ] --START--
INFO: Run Behavior\ShowPageTraceBehavior [ RunTime:0.000906s ]
INFO: [ app_end ] --END-- [ RunTime:0.000978s ]

[ 2016-08-22T17:47:08+08:00 ] 127.0.0.1 /jiaowu/index.php/Home/Feddback/index.html
INFO: [ app_init ] --START--
INFO: Run Behavior\BuildLiteBehavior [ RunTime:0.000013s ]
INFO: [ app_init ] --END-- [ RunTime:0.000308s ]
INFO: [ app_begin ] --START--
INFO: Run Behavior\ReadHtmlCacheBehavior [ RunTime:0.000558s ]
INFO: [ app_begin ] --END-- [ RunTime:0.000597s ]
INFO: [ view_parse ] --START--
INFO: [ template_filter ] --START--
INFO: Run Behavior\ContentReplaceBehavior [ RunTime:0.000058s ]
INFO: [ template_filter ] --END-- [ RunTime:0.000107s ]
INFO: Run Behavior\ParseTemplateBehavior [ RunTime:0.006868s ]
INFO: [ view_parse ] --END-- [ RunTime:0.006929s ]
INFO: [ view_filter ] --START--
INFO: Run Behavior\WriteHtmlCacheBehavior [ RunTime:0.000389s ]
INFO: [ view_filter ] --END-- [ RunTime:0.000420s ]
INFO: [ app_end ] --START--
INFO: Run Behavior\ShowPageTraceBehavior [ RunTime:0.000566s ]
INFO: [ app_end ] --END-- [ RunTime:0.000653s ]

[ 2016-08-22T17:47:14+08:00 ] 127.0.0.1 /jiaowu/index.php/Home/Feddback/cuser
INFO: [ app_init ] --START--
INFO: Run Behavior\BuildLiteBehavior [ RunTime:0.000011s ]
INFO: [ app_init ] --END-- [ RunTime:0.000299s ]
INFO: [ app_begin ] --START--
INFO: Run Behavior\ReadHtmlCacheBehavior [ RunTime:0.000549s ]
INFO: [ app_begin ] --END-- [ RunTime:0.000585s ]
INFO: [ app_end ] --START--
INFO: Run Behavior\ShowPageTraceBehavior [ RunTime:0.000756s ]
INFO: [ app_end ] --END-- [ RunTime:0.000817s ]

[ 2016-08-22T17:48:00+08:00 ] 127.0.0.1 /jiaowu/index.php/Home/Feddback/cuser
INFO: [ app_init ] --START--
INFO: Run Behavior\BuildLiteBehavior [ RunTime:0.000013s ]
INFO: [ app_init ] --END-- [ RunTime:0.000336s ]
INFO: [ app_begin ] --START--
INFO: Run Behavior\ReadHtmlCacheBehavior [ RunTime:0.000615s ]
INFO: [ app_begin ] --END-- [ RunTime:0.000652s ]
INFO: [ app_end ] --START--
INFO: Run Behavior\ShowPageTraceBehavior [ RunTime:0.000781s ]
INFO: [ app_end ] --END-- [ RunTime:0.000834s ]

[ 2016-08-22T17:48:41+08:00 ] 127.0.0.1 /jiaowu/index.php/Home/Feddback/charu
INFO: [ app_init ] --START--
INFO: Run Behavior\BuildLiteBehavior [ RunTime:0.000016s ]
INFO: [ app_init ] --END-- [ RunTime:0.000371s ]
INFO: [ app_begin ] --START--
INFO: Run Behavior\ReadHtmlCacheBehavior [ RunTime:0.000638s ]
INFO: [ app_begin ] --END-- [ RunTime:0.000675s ]
NOTIC: [8] Use of undefined constant htmlspecialchars - assumed 'htmlspecialchars' H:\WWW\www\jiaowu\Application\Home\Controller\FeddbackController.class.php 第 9 行.
NOTIC: [8] Use of undefined constant htmlspecialchars - assumed 'htmlspecialchars' H:\WWW\www\jiaowu\Application\Home\Controller\FeddbackController.class.php 第 10 行.
NOTIC: [8] Use of undefined constant htmlspecialchars - assumed 'htmlspecialchars' H:\WWW\www\jiaowu\Application\Home\Controller\FeddbackController.class.php 第 11 行.
NOTIC: [8] Use of undefined constant htmlspecialchars - assumed 'htmlspecialchars' H:\WWW\www\jiaowu\Application\Home\Controller\FeddbackController.class.php 第 12 行.
NOTIC: [8] Use of undefined constant htmlspecialchars - assumed 'htmlspecialchars' H:\WWW\www\jiaowu\Application\Home\Controller\FeddbackController.class.php 第 13 行.
NOTIC: [8] Use of undefined constant htmlspecialchars - assumed 'htmlspecialchars' H:\WWW\www\jiaowu\Application\Home\Controller\FeddbackController.class.php 第 14 行.
NOTIC: [8] Use of undefined constant htmlspecialchars - assumed 'htmlspecialchars' H:\WWW\www\jiaowu\Application\Home\Controller\FeddbackController.class.php 第 15 行.
NOTIC: [8] Use of undefined constant htmlspecialchars - assumed 'htmlspecialchars' H:\WWW\www\jiaowu\Application\Home\Controller\FeddbackController.class.php 第 16 行.
INFO: [ app_end ] --START--
INFO: Run Behavior\ShowPageTraceBehavior [ RunTime:0.000704s ]
INFO: [ app_end ] --END-- [ RunTime:0.000754s ]

[ 2016-08-22T17:49:07+08:00 ] 127.0.0.1 /jiaowu/index.php/Home/Feddback/index.html
INFO: [ app_init ] --START--
INFO: Run Behavior\BuildLiteBehavior [ RunTime:0.000013s ]
INFO: [ app_init ] --END-- [ RunTime:0.000454s ]
INFO: [ app_begin ] --START--
INFO: Run Behavior\ReadHtmlCacheBehavior [ RunTime:0.000698s ]
INFO: [ app_begin ] --END-- [ RunTime:0.000773s ]
INFO: [ view_parse ] --START--
INFO: [ template_filter ] --START--
INFO: Run Behavior\ContentReplaceBehavior [ RunTime:0.000055s ]
INFO: [ template_filter ] --END-- [ RunTime:0.000095s ]
INFO: Run Behavior\ParseTemplateBehavior [ RunTime:0.006428s ]
INFO: [ view_parse ] --END-- [ RunTime:0.006529s ]
INFO: [ view_filter ] --START--
INFO: Run Behavior\WriteHtmlCacheBehavior [ RunTime:0.000479s ]
INFO: [ view_filter ] --END-- [ RunTime:0.000532s ]
INFO: [ app_end ] --START--
INFO: Run Behavior\ShowPageTraceBehavior [ RunTime:0.000880s ]
INFO: [ app_end ] --END-- [ RunTime:0.000931s ]

[ 2016-08-22T17:49:09+08:00 ] 127.0.0.1 /jiaowu/index.php/Home/Feddback/index.html
INFO: [ app_init ] --START--
INFO: Run Behavior\BuildLiteBehavior [ RunTime:0.000012s ]
INFO: [ app_init ] --END-- [ RunTime:0.000296s ]
INFO: [ app_begin ] --START--
INFO: Run Behavior\ReadHtmlCacheBehavior [ RunTime:0.000698s ]
INFO: [ app_begin ] --END-- [ RunTime:0.000746s ]
INFO: [ view_parse ] --START--
INFO: [ template_filter ] --START--
INFO: Run Behavior\ContentReplaceBehavior [ RunTime:0.000055s ]
INFO: [ template_filter ] --END-- [ RunTime:0.000098s ]
INFO: Run Behavior\ParseTemplateBehavior [ RunTime:0.006324s ]
INFO: [ view_parse ] --END-- [ RunTime:0.006381s ]
INFO: [ view_filter ] --START--
INFO: Run Behavior\WriteHtmlCacheBehavior [ RunTime:0.000356s ]
INFO: [ view_filter ] --END-- [ RunTime:0.000386s ]
INFO: [ app_end ] --START--
INFO: Run Behavior\ShowPageTraceBehavior [ RunTime:0.000563s ]
INFO: [ app_end ] --END-- [ RunTime:0.000596s ]

[ 2016-08-22T17:49:11+08:00 ] 127.0.0.1 /jiaowu/index.php/Home/Feddback/index.html
INFO: [ app_init ] --START--
INFO: Run Behavior\BuildLiteBehavior [ RunTime:0.000020s ]
INFO: [ app_init ] --END-- [ RunTime:0.000523s ]
INFO: [ app_begin ] --START--
INFO: Run Behavior\ReadHtmlCacheBehavior [ RunTime:0.001116s ]
INFO: [ app_begin ] --END-- [ RunTime:0.001215s ]
INFO: [ view_parse ] --START--
INFO: [ template_filter ] --START--
INFO: Run Behavior\ContentReplaceBehavior [ RunTime:0.000055s ]
INFO: [ template_filter ] --END-- [ RunTime:0.000093s ]
INFO: Run Behavior\ParseTemplateBehavior [ RunTime:0.005941s ]
INFO: [ view_parse ] --END-- [ RunTime:0.005990s ]
INFO: [ view_filter ] --START--
INFO: Run Behavior\WriteHtmlCacheBehavior [ RunTime:0.000380s ]
INFO: [ view_filter ] --END-- [ RunTime:0.000410s ]
INFO: [ app_end ] --START--
INFO: Run Behavior\ShowPageTraceBehavior [ RunTime:0.000563s ]
INFO: [ app_end ] --END-- [ RunTime:0.000596s ]

[ 2016-08-22T17:49:14+08:00 ] 127.0.0.1 /jiaowu/index.php/Home/Feddback/cuser
INFO: [ app_init ] --START--
INFO: Run Behavior\BuildLiteBehavior [ RunTime:0.000013s ]
INFO: [ app_init ] --END-- [ RunTime:0.000369s ]
INFO: [ app_begin ] --START--
INFO: Run Behavior\ReadHtmlCacheBehavior [ RunTime:0.000609s ]
INFO: [ app_begin ] --END-- [ RunTime:0.000682s ]
INFO: [ app_end ] --START--
INFO: Run Behavior\ShowPageTraceBehavior [ RunTime:0.000825s ]
INFO: [ app_end ] --END-- [ RunTime:0.000909s ]

[ 2016-08-22T17:49:18+08:00 ] 127.0.0.1 /jiaowu/index.php/Home/Feddback/charu
INFO: [ app_init ] --START--
INFO: Run Behavior\BuildLiteBehavior [ RunTime:0.000012s ]
INFO: [ app_init ] --END-- [ RunTime:0.000297s ]
INFO: [ app_begin ] --START--
INFO: Run Behavior\ReadHtmlCacheBehavior [ RunTime:0.000550s ]
INFO: [ app_begin ] --END-- [ RunTime:0.000587s ]
NOTIC: [8] Use of undefined constant htmlspecialchars - assumed 'htmlspecialchars' H:\WWW\www\jiaowu\Application\Home\Controller\FeddbackController.class.php 第 9 行.
NOTIC: [8] Use of undefined constant htmlspecialchars - assumed 'htmlspecialchars' H:\WWW\www\jiaowu\Application\Home\Controller\FeddbackController.class.php 第 10 行.
NOTIC: [8] Use of undefined constant htmlspecialchars - assumed 'htmlspecialchars' H:\WWW\www\jiaowu\Application\Home\Controller\FeddbackController.class.php 第 11 行.
NOTIC: [8] Use of undefined constant htmlspecialchars - assumed 'htmlspecialchars' H:\WWW\www\jiaowu\Application\Home\Controller\FeddbackController.class.php 第 12 行.
NOTIC: [8] Use of undefined constant htmlspecialchars - assumed 'htmlspecialchars' H:\WWW\www\jiaowu\Application\Home\Controller\FeddbackController.class.php 第 13 行.
NOTIC: [8] Use of undefined constant htmlspecialchars - assumed 'htmlspecialchars' H:\WWW\www\jiaowu\Application\Home\Controller\FeddbackController.class.php 第 14 行.
NOTIC: [8] Use of undefined constant htmlspecialchars - assumed 'htmlspecialchars' H:\WWW\www\jiaowu\Application\Home\Controller\FeddbackController.class.php 第 15 行.
NOTIC: [8] Use of undefined constant htmlspecialchars - assumed 'htmlspecialchars' H:\WWW\www\jiaowu\Application\Home\Controller\FeddbackController.class.php 第 16 行.
INFO: [ app_end ] --START--
INFO: Run Behavior\ShowPageTraceBehavior [ RunTime:0.000684s ]
INFO: [ app_end ] --END-- [ RunTime:0.000733s ]

[ 2016-08-22T17:49:44+08:00 ] 127.0.0.1 /jiaowu/index.php/Home/Feddback/index.html
INFO: [ app_init ] --START--
INFO: Run Behavior\BuildLiteBehavior [ RunTime:0.000022s ]
INFO: [ app_init ] --END-- [ RunTime:0.000549s ]
INFO: [ app_begin ] --START--
INFO: Run Behavior\ReadHtmlCacheBehavior [ RunTime:0.000619s ]
INFO: [ app_begin ] --END-- [ RunTime:0.000679s ]
INFO: [ view_parse ] --START--
INFO: [ template_filter ] --START--
INFO: Run Behavior\ContentReplaceBehavior [ RunTime:0.000056s ]
INFO: [ template_filter ] --END-- [ RunTime:0.000097s ]
INFO: Run Behavior\ParseTemplateBehavior [ RunTime:0.006029s ]
INFO: [ view_parse ] --END-- [ RunTime:0.006103s ]
INFO: [ view_filter ] --START--
INFO: Run Behavior\WriteHtmlCacheBehavior [ RunTime:0.000581s ]
INFO: [ view_filter ] --END-- [ RunTime:0.000628s ]
INFO: [ app_end ] --START--
INFO: Run Behavior\ShowPageTraceBehavior [ RunTime:0.000639s ]
INFO: [ app_end ] --END-- [ RunTime:0.000676s ]

[ 2016-08-22T17:49:47+08:00 ] 127.0.0.1 /jiaowu/index.php/Home/Feddback/cuser
INFO: [ app_init ] --START--
INFO: Run Behavior\BuildLiteBehavior [ RunTime:0.000013s ]
INFO: [ app_init ] --END-- [ RunTime:0.000335s ]
INFO: [ app_begin ] --START--
INFO: Run Behavior\ReadHtmlCacheBehavior [ RunTime:0.000550s ]
INFO: [ app_begin ] --END-- [ RunTime:0.000587s ]
INFO: [ app_end ] --START--
INFO: Run Behavior\ShowPageTraceBehavior [ RunTime:0.000702s ]
INFO: [ app_end ] --END-- [ RunTime:0.000756s ]

[ 2016-08-22T17:49:54+08:00 ] 127.0.0.1 /jiaowu/index.php/Home/Feddback/charu
INFO: [ app_init ] --START--
INFO: Run Behavior\BuildLiteBehavior [ RunTime:0.000012s ]
INFO: [ app_init ] --END-- [ RunTime:0.000327s ]
INFO: [ app_begin ] --START--
INFO: Run Behavior\ReadHtmlCacheBehavior [ RunTime:0.000572s ]
INFO: [ app_begin ] --END-- [ RunTime:0.000616s ]
NOTIC: [8] Use of undefined constant htmlspecialchars - assumed 'htmlspecialchars' H:\WWW\www\jiaowu\Application\Home\Controller\FeddbackController.class.php 第 9 行.
NOTIC: [8] Use of undefined constant htmlspecialchars - assumed 'htmlspecialchars' H:\WWW\www\jiaowu\Application\Home\Controller\FeddbackController.class.php 第 10 行.
NOTIC: [8] Use of undefined constant htmlspecialchars - assumed 'htmlspecialchars' H:\WWW\www\jiaowu\Application\Home\Controller\FeddbackController.class.php 第 11 行.
NOTIC: [8] Use of undefined constant htmlspecialchars - assumed 'htmlspecialchars' H:\WWW\www\jiaowu\Application\Home\Controller\FeddbackController.class.php 第 12 行.
NOTIC: [8] Use of undefined constant htmlspecialchars - assumed 'htmlspecialchars' H:\WWW\www\jiaowu\Application\Home\Controller\FeddbackController.class.php 第 13 行.
NOTIC: [8] Use of undefined constant htmlspecialchars - assumed 'htmlspecialchars' H:\WWW\www\jiaowu\Application\Home\Controller\FeddbackController.class.php 第 14 行.
NOTIC: [8] Use of undefined constant htmlspecialchars - assumed 'htmlspecialchars' H:\WWW\www\jiaowu\Application\Home\Controller\FeddbackController.class.php 第 15 行.
NOTIC: [8] Use of undefined constant htmlspecialchars - assumed 'htmlspecialchars' H:\WWW\www\jiaowu\Application\Home\Controller\FeddbackController.class.php 第 16 行.
INFO: [ app_end ] --START--
INFO: Run Behavior\ShowPageTraceBehavior [ RunTime:0.000650s ]
INFO: [ app_end ] --END-- [ RunTime:0.000702s ]

[ 2016-08-22T17:50:37+08:00 ] 127.0.0.1 /jiaowu/index.php/Home/Feddback/index.html
INFO: [ app_init ] --START--
INFO: Run Behavior\BuildLiteBehavior [ RunTime:0.000013s ]
INFO: [ app_init ] --END-- [ RunTime:0.000412s ]
INFO: [ app_begin ] --START--
INFO: Run Behavior\ReadHtmlCacheBehavior [ RunTime:0.000707s ]
INFO: [ app_begin ] --END-- [ RunTime:0.000779s ]
INFO: [ view_parse ] --START--
INFO: [ template_filter ] --START--
INFO: Run Behavior\ContentReplaceBehavior [ RunTime:0.000116s ]
INFO: [ template_filter ] --END-- [ RunTime:0.000169s ]
INFO: Run Behavior\ParseTemplateBehavior [ RunTime:0.007031s ]
INFO: [ view_parse ] --END-- [ RunTime:0.007089s ]
INFO: [ view_filter ] --START--
INFO: Run Behavior\WriteHtmlCacheBehavior [ RunTime:0.000970s ]
INFO: [ view_filter ] --END-- [ RunTime:0.001014s ]
INFO: [ app_end ] --START--
INFO: Run Behavior\ShowPageTraceBehavior [ RunTime:0.000599s ]
INFO: [ app_end ] --END-- [ RunTime:0.000635s ]

[ 2016-08-22T17:50:40+08:00 ] 127.0.0.1 /jiaowu/index.php/Home/Feddback/cuser
INFO: [ app_init ] --START--
INFO: Run Behavior\BuildLiteBehavior [ RunTime:0.000013s ]
INFO: [ app_init ] --END-- [ RunTime:0.000306s ]
INFO: [ app_begin ] --START--
INFO: Run Behavior\ReadHtmlCacheBehavior [ RunTime:0.000553s ]
INFO: [ app_begin ] --END-- [ RunTime:0.000589s ]
INFO: [ app_end ] --START--
INFO: Run Behavior\ShowPageTraceBehavior [ RunTime:0.000751s ]
INFO: [ app_end ] --END-- [ RunTime:0.000806s ]

[ 2016-08-22T17:50:44+08:00 ] 127.0.0.1 /jiaowu/index.php/Home/Feddback/charu
INFO: [ app_init ] --START--
INFO: Run Behavior\BuildLiteBehavior [ RunTime:0.000012s ]
INFO: [ app_init ] --END-- [ RunTime:0.000306s ]
INFO: [ app_begin ] --START--
INFO: Run Behavior\ReadHtmlCacheBehavior [ RunTime:0.000549s ]
INFO: [ app_begin ] --END-- [ RunTime:0.000584s ]
NOTIC: [8] Use of undefined constant htmlspecialchars - assumed 'htmlspecialchars' H:\WWW\www\jiaowu\Application\Home\Controller\FeddbackController.class.php 第 9 行.
NOTIC: [8] Use of undefined constant htmlspecialchars - assumed 'htmlspecialchars' H:\WWW\www\jiaowu\Application\Home\Controller\FeddbackController.class.php 第 10 行.
NOTIC: [8] Use of undefined constant htmlspecialchars - assumed 'htmlspecialchars' H:\WWW\www\jiaowu\Application\Home\Controller\FeddbackController.class.php 第 11 行.
NOTIC: [8] Use of undefined constant htmlspecialchars - assumed 'htmlspecialchars' H:\WWW\www\jiaowu\Application\Home\Controller\FeddbackController.class.php 第 12 行.
NOTIC: [8] Use of undefined constant htmlspecialchars - assumed 'htmlspecialchars' H:\WWW\www\jiaowu\Application\Home\Controller\FeddbackController.class.php 第 13 行.
NOTIC: [8] Use of undefined constant htmlspecialchars - assumed 'htmlspecialchars' H:\WWW\www\jiaowu\Application\Home\Controller\FeddbackController.class.php 第 14 行.
NOTIC: [8] Use of undefined constant htmlspecialchars - assumed 'htmlspecialchars' H:\WWW\www\jiaowu\Application\Home\Controller\FeddbackController.class.php 第 15 行.
NOTIC: [8] Use of undefined constant htmlspecialchars - assumed 'htmlspecialchars' H:\WWW\www\jiaowu\Application\Home\Controller\FeddbackController.class.php 第 16 行.
INFO: [ app_end ] --START--
INFO: Run Behavior\ShowPageTraceBehavior [ RunTime:0.000651s ]
INFO: [ app_end ] --END-- [ RunTime:0.000701s ]

[ 2016-08-22T17:51:09+08:00 ] 127.0.0.1 /jiaowu/index.php/Home/Feddback/index.html
INFO: [ app_init ] --START--
INFO: Run Behavior\BuildLiteBehavior [ RunTime:0.000014s ]
INFO: [ app_init ] --END-- [ RunTime:0.000397s ]
INFO: [ app_begin ] --START--
INFO: Run Behavior\ReadHtmlCacheBehavior [ RunTime:0.000611s ]
INFO: [ app_begin ] --END-- [ RunTime:0.000668s ]
INFO: [ view_parse ] --START--
INFO: [ template_filter ] --START--
INFO: Run Behavior\ContentReplaceBehavior [ RunTime:0.000059s ]
INFO: [ template_filter ] --END-- [ RunTime:0.000108s ]
INFO: Run Behavior\ParseTemplateBehavior [ RunTime:0.007151s ]
INFO: [ view_parse ] --END-- [ RunTime:0.007237s ]
INFO: [ view_filter ] --START--
INFO: Run Behavior\WriteHtmlCacheBehavior [ RunTime:0.000412s ]
INFO: [ view_filter ] --END-- [ RunTime:0.000443s ]
INFO: [ app_end ] --START--
INFO: Run Behavior\ShowPageTraceBehavior [ RunTime:0.000567s ]
INFO: [ app_end ] --END-- [ RunTime:0.000601s ]

[ 2016-08-22T17:51:11+08:00 ] 127.0.0.1 /jiaowu/index.php/Home/Feddback/index.html
INFO: [ app_init ] --START--
INFO: Run Behavior\BuildLiteBehavior [ RunTime:0.000013s ]
INFO: [ app_init ] --END-- [ RunTime:0.000349s ]
INFO: [ app_begin ] --START--
INFO: Run Behavior\ReadHtmlCacheBehavior [ RunTime:0.000624s ]
INFO: [ app_begin ] --END-- [ RunTime:0.000675s ]
INFO: [ view_parse ] --START--
INFO: [ template_filter ] --START--
INFO: Run Behavior\ContentReplaceBehavior [ RunTime:0.000075s ]
INFO: [ template_filter ] --END-- [ RunTime:0.000120s ]
INFO: Run Behavior\ParseTemplateBehavior [ RunTime:0.007116s ]
INFO: [ view_parse ] --END-- [ RunTime:0.007180s ]
INFO: [ view_filter ] --START--
INFO: Run Behavior\WriteHtmlCacheBehavior [ RunTime:0.000378s ]
INFO: [ view_filter ] --END-- [ RunTime:0.000411s ]
INFO: [ app_end ] --START--
INFO: Run Behavior\ShowPageTraceBehavior [ RunTime:0.000596s ]
INFO: [ app_end ] --END-- [ RunTime:0.000631s ]

[ 2016-08-22T17:51:12+08:00 ] 127.0.0.1 /jiaowu/index.php/Home/Feddback/index.html
INFO: [ app_init ] --START--
INFO: Run Behavior\BuildLiteBehavior [ RunTime:0.000015s ]
INFO: [ app_init ] --END-- [ RunTime:0.000478s ]
INFO: [ app_begin ] --START--
INFO: Run Behavior\ReadHtmlCacheBehavior [ RunTime:0.000623s ]
INFO: [ app_begin ] --END-- [ RunTime:0.000670s ]
INFO: [ view_parse ] --START--
INFO: [ template_filter ] --START--
INFO: Run Behavior\ContentReplaceBehavior [ RunTime:0.000063s ]
INFO: [ template_filter ] --END-- [ RunTime:0.000116s ]
INFO: Run Behavior\ParseTemplateBehavior [ RunTime:0.007634s ]
INFO: [ view_parse ] --END-- [ RunTime:0.007698s ]
INFO: [ view_filter ] --START--
INFO: Run Behavior\WriteHtmlCacheBehavior [ RunTime:0.000458s ]
INFO: [ view_filter ] --END-- [ RunTime:0.000493s ]
INFO: [ app_end ] --START--
INFO: Run Behavior\ShowPageTraceBehavior [ RunTime:0.000579s ]
INFO: [ app_end ] --END-- [ RunTime:0.000613s ]

[ 2016-08-22T17:51:15+08:00 ] 127.0.0.1 /jiaowu/index.php/Home/Feddback/cuser
INFO: [ app_init ] --START--
INFO: Run Behavior\BuildLiteBehavior [ RunTime:0.000011s ]
INFO: [ app_init ] --END-- [ RunTime:0.000297s ]
INFO: [ app_begin ] --START--
INFO: Run Behavior\ReadHtmlCacheBehavior [ RunTime:0.000602s ]
INFO: [ app_begin ] --END-- [ RunTime:0.000647s ]
INFO: [ app_end ] --START--
INFO: Run Behavior\ShowPageTraceBehavior [ RunTime:0.000853s ]
INFO: [ app_end ] --END-- [ RunTime:0.000909s ]

[ 2016-08-22T17:51:20+08:00 ] 127.0.0.1 /jiaowu/index.php/Home/Feddback/charu
INFO: [ app_init ] --START--
INFO: Run Behavior\BuildLiteBehavior [ RunTime:0.000012s ]
INFO: [ app_init ] --END-- [ RunTime:0.000302s ]
INFO: [ app_begin ] --START--
INFO: Run Behavior\ReadHtmlCacheBehavior [ RunTime:0.000553s ]
INFO: [ app_begin ] --END-- [ RunTime:0.000589s ]
NOTIC: [8] Use of undefined constant htmlspecialchars - assumed 'htmlspecialchars' H:\WWW\www\jiaowu\Application\Home\Controller\FeddbackController.class.php 第 9 行.
NOTIC: [8] Use of undefined constant htmlspecialchars - assumed 'htmlspecialchars' H:\WWW\www\jiaowu\Application\Home\Controller\FeddbackController.class.php 第 10 行.
NOTIC: [8] Use of undefined constant htmlspecialchars - assumed 'htmlspecialchars' H:\WWW\www\jiaowu\Application\Home\Controller\FeddbackController.class.php 第 11 行.
NOTIC: [8] Use of undefined constant htmlspecialchars - assumed 'htmlspecialchars' H:\WWW\www\jiaowu\Application\Home\Controller\FeddbackController.class.php 第 12 行.
NOTIC: [8] Use of undefined constant htmlspecialchars - assumed 'htmlspecialchars' H:\WWW\www\jiaowu\Application\Home\Controller\FeddbackController.class.php 第 13 行.
NOTIC: [8] Use of undefined constant htmlspecialchars - assumed 'htmlspecialchars' H:\WWW\www\jiaowu\Application\Home\Controller\FeddbackController.class.php 第 14 行.
NOTIC: [8] Use of undefined constant htmlspecialchars - assumed 'htmlspecialchars' H:\WWW\www\jiaowu\Application\Home\Controller\FeddbackController.class.php 第 15 行.
NOTIC: [8] Use of undefined constant htmlspecialchars - assumed 'htmlspecialchars' H:\WWW\www\jiaowu\Application\Home\Controller\FeddbackController.class.php 第 16 行.
NOTIC: [2] mysql_num_rows() expects parameter 1 to be resource, boolean given H:\WWW\www\jiaowu\ThinkPHP\sql\DbMysql.class.php 第 91 行.
INFO: [ app_end ] --START--
INFO: Run Behavior\ShowPageTraceBehavior [ RunTime:0.000675s ]
INFO: [ app_end ] --END-- [ RunTime:0.000718s ]

[ 2016-08-22T17:51:54+08:00 ] 127.0.0.1 /jiaowu/index.php/Home/Feddback/index.html
INFO: [ app_init ] --START--
INFO: Run Behavior\BuildLiteBehavior [ RunTime:0.000014s ]
INFO: [ app_init ] --END-- [ RunTime:0.000476s ]
INFO: [ app_begin ] --START--
INFO: Run Behavior\ReadHtmlCacheBehavior [ RunTime:0.000689s ]
INFO: [ app_begin ] --END-- [ RunTime:0.000750s ]
INFO: [ view_parse ] --START--
INFO: [ template_filter ] --START--
INFO: Run Behavior\ContentReplaceBehavior [ RunTime:0.000072s ]
INFO: [ template_filter ] --END-- [ RunTime:0.000114s ]
INFO: Run Behavior\ParseTemplateBehavior [ RunTime:0.007780s ]
INFO: [ view_parse ] --END-- [ RunTime:0.007871s ]
INFO: [ view_filter ] --START--
INFO: Run Behavior\WriteHtmlCacheBehavior [ RunTime:0.000396s ]
INFO: [ view_filter ] --END-- [ RunTime:0.000427s ]
INFO: [ app_end ] --START--
INFO: Run Behavior\ShowPageTraceBehavior [ RunTime:0.000598s ]
INFO: [ app_end ] --END-- [ RunTime:0.000633s ]

[ 2016-08-22T17:52:00+08:00 ] 127.0.0.1 /jiaowu/index.php/Home/Feddback/cuser
INFO: [ app_init ] --START--
INFO: Run Behavior\BuildLiteBehavior [ RunTime:0.000012s ]
INFO: [ app_init ] --END-- [ RunTime:0.000323s ]
INFO: [ app_begin ] --START--
INFO: Run Behavior\ReadHtmlCacheBehavior [ RunTime:0.000676s ]
INFO: [ app_begin ] --END-- [ RunTime:0.000754s ]
INFO: [ app_end ] --START--
INFO: Run Behavior\ShowPageTraceBehavior [ RunTime:0.000693s ]
INFO: [ app_end ] --END-- [ RunTime:0.000779s ]

[ 2016-08-22T17:52:10+08:00 ] 127.0.0.1 /jiaowu/index.php/Home/Feddback/charu
INFO: [ app_init ] --START--
INFO: Run Behavior\BuildLiteBehavior [ RunTime:0.000013s ]
INFO: [ app_init ] --END-- [ RunTime:0.000339s ]
INFO: [ app_begin ] --START--
INFO: Run Behavior\ReadHtmlCacheBehavior [ RunTime:0.000595s ]
INFO: [ app_begin ] --END-- [ RunTime:0.000637s ]
NOTIC: [8] Use of undefined constant htmlspecialchars - assumed 'htmlspecialchars' H:\WWW\www\jiaowu\Application\Home\Controller\FeddbackController.class.php 第 9 行.
NOTIC: [8] Use of undefined constant htmlspecialchars - assumed 'htmlspecialchars' H:\WWW\www\jiaowu\Application\Home\Controller\FeddbackController.class.php 第 10 行.
NOTIC: [8] Use of undefined constant htmlspecialchars - assumed 'htmlspecialchars' H:\WWW\www\jiaowu\Application\Home\Controller\FeddbackController.class.php 第 11 行.
NOTIC: [8] Use of undefined constant htmlspecialchars - assumed 'htmlspecialchars' H:\WWW\www\jiaowu\Application\Home\Controller\FeddbackController.class.php 第 12 行.
NOTIC: [8] Use of undefined constant htmlspecialchars - assumed 'htmlspecialchars' H:\WWW\www\jiaowu\Application\Home\Controller\FeddbackController.class.php 第 13 行.
NOTIC: [8] Use of undefined constant htmlspecialchars - assumed 'htmlspecialchars' H:\WWW\www\jiaowu\Application\Home\Controller\FeddbackController.class.php 第 14 行.
NOTIC: [8] Use of undefined constant htmlspecialchars - assumed 'htmlspecialchars' H:\WWW\www\jiaowu\Application\Home\Controller\FeddbackController.class.php 第 15 行.
NOTIC: [8] Use of undefined constant htmlspecialchars - assumed 'htmlspecialchars' H:\WWW\www\jiaowu\Application\Home\Controller\FeddbackController.class.php 第 16 行.
NOTIC: [2] mysql_num_rows() expects parameter 1 to be resource, boolean given H:\WWW\www\jiaowu\ThinkPHP\sql\DbMysql.class.php 第 91 行.
INFO: [ app_end ] --START--
INFO: Run Behavior\ShowPageTraceBehavior [ RunTime:0.000892s ]
INFO: [ app_end ] --END-- [ RunTime:0.000955s ]

[ 2016-08-22T17:52:27+08:00 ] 127.0.0.1 /jiaowu/index.php/Home/Feddback/cuser
INFO: [ app_init ] --START--
INFO: Run Behavior\BuildLiteBehavior [ RunTime:0.000013s ]
INFO: [ app_init ] --END-- [ RunTime:0.000303s ]
INFO: [ app_begin ] --START--
INFO: Run Behavior\ReadHtmlCacheBehavior [ RunTime:0.000598s ]
INFO: [ app_begin ] --END-- [ RunTime:0.000640s ]
NOTIC: [8] Undefined offset: 0 H:\WWW\www\jiaowu\Application\Home\Controller\FeddbackController.class.php 第 48 行.
INFO: [ app_end ] --START--
INFO: Run Behavior\ShowPageTraceBehavior [ RunTime:0.000736s ]
INFO: [ app_end ] --END-- [ RunTime:0.000776s ]

[ 2016-08-22T17:52:27+08:00 ] 127.0.0.1 /jiaowu/index.php/Home/Feddback/charu
INFO: [ app_init ] --START--
INFO: Run Behavior\BuildLiteBehavior [ RunTime:0.000012s ]
INFO: [ app_init ] --END-- [ RunTime:0.000300s ]
INFO: [ app_begin ] --START--
INFO: Run Behavior\ReadHtmlCacheBehavior [ RunTime:0.000658s ]
INFO: [ app_begin ] --END-- [ RunTime:0.000695s ]
NOTIC: [8] Use of undefined constant htmlspecialchars - assumed 'htmlspecialchars' H:\WWW\www\jiaowu\Application\Home\Controller\FeddbackController.class.php 第 9 行.
NOTIC: [8] Use of undefined constant htmlspecialchars - assumed 'htmlspecialchars' H:\WWW\www\jiaowu\Application\Home\Controller\FeddbackController.class.php 第 10 行.
NOTIC: [8] Use of undefined constant htmlspecialchars - assumed 'htmlspecialchars' H:\WWW\www\jiaowu\Application\Home\Controller\FeddbackController.class.php 第 11 行.
NOTIC: [8] Use of undefined constant htmlspecialchars - assumed 'htmlspecialchars' H:\WWW\www\jiaowu\Application\Home\Controller\FeddbackController.class.php 第 12 行.
NOTIC: [8] Use of undefined constant htmlspecialchars - assumed 'htmlspecialchars' H:\WWW\www\jiaowu\Application\Home\Controller\FeddbackController.class.php 第 13 行.
NOTIC: [8] Use of undefined constant htmlspecialchars - assumed 'htmlspecialchars' H:\WWW\www\jiaowu\Application\Home\Controller\FeddbackController.class.php 第 14 行.
NOTIC: [8] Use of undefined constant htmlspecialchars - assumed 'htmlspecialchars' H:\WWW\www\jiaowu\Application\Home\Controller\FeddbackController.class.php 第 15 行.
NOTIC: [8] Use of undefined constant htmlspecialchars - assumed 'htmlspecialchars' H:\WWW\www\jiaowu\Application\Home\Controller\FeddbackController.class.php 第 16 行.
NOTIC: [2] mysql_num_rows() expects parameter 1 to be resource, boolean given H:\WWW\www\jiaowu\ThinkPHP\sql\DbMysql.class.php 第 91 行.
INFO: [ app_end ] --START--
INFO: Run Behavior\ShowPageTraceBehavior [ RunTime:0.000690s ]
INFO: [ app_end ] --END-- [ RunTime:0.000732s ]

[ 2016-08-22T18:02:10+08:00 ] 127.0.0.1 /jiaowu/index.php/Home/Feddback/cuser
INFO: [ app_init ] --START--
INFO: Run Behavior\BuildLiteBehavior [ RunTime:0.000012s ]
INFO: [ app_init ] --END-- [ RunTime:0.000303s ]
INFO: [ app_begin ] --START--
INFO: Run Behavior\ReadHtmlCacheBehavior [ RunTime:0.000552s ]
INFO: [ app_begin ] --END-- [ RunTime:0.000588s ]
INFO: [ app_end ] --START--
INFO: Run Behavior\ShowPageTraceBehavior [ RunTime:0.000777s ]
INFO: [ app_end ] --END-- [ RunTime:0.000844s ]

[ 2016-08-22T18:02:12+08:00 ] 127.0.0.1 /jiaowu/index.php/Home/Feddback/charu
INFO: [ app_init ] --START--
INFO: Run Behavior\BuildLiteBehavior [ RunTime:0.000012s ]
INFO: [ app_init ] --END-- [ RunTime:0.000303s ]
INFO: [ app_begin ] --START--
INFO: Run Behavior\ReadHtmlCacheBehavior [ RunTime:0.000578s ]
INFO: [ app_begin ] --END-- [ RunTime:0.000615s ]
NOTIC: [8] Use of undefined constant htmlspecialchars - assumed 'htmlspecialchars' H:\WWW\www\jiaowu\Application\Home\Controller\FeddbackController.class.php 第 9 行.
NOTIC: [8] Use of undefined constant htmlspecialchars - assumed 'htmlspecialchars' H:\WWW\www\jiaowu\Application\Home\Controller\FeddbackController.class.php 第 10 行.
NOTIC: [8] Use of undefined constant htmlspecialchars - assumed 'htmlspecialchars' H:\WWW\www\jiaowu\Application\Home\Controller\FeddbackController.class.php 第 11 行.
NOTIC: [8] Use of undefined constant htmlspecialchars - assumed 'htmlspecialchars' H:\WWW\www\jiaowu\Application\Home\Controller\FeddbackController.class.php 第 12 行.
NOTIC: [8] Use of undefined constant htmlspecialchars - assumed 'htmlspecialchars' H:\WWW\www\jiaowu\Application\Home\Controller\FeddbackController.class.php 第 13 行.
NOTIC: [8] Use of undefined constant htmlspecialchars - assumed 'htmlspecialchars' H:\WWW\www\jiaowu\Application\Home\Controller\FeddbackController.class.php 第 14 行.
NOTIC: [8] Use of undefined constant htmlspecialchars - assumed 'htmlspecialchars' H:\WWW\www\jiaowu\Application\Home\Controller\FeddbackController.class.php 第 15 行.
NOTIC: [8] Use of undefined constant htmlspecialchars - assumed 'htmlspecialchars' H:\WWW\www\jiaowu\Application\Home\Controller\FeddbackController.class.php 第 16 行.
NOTIC: [2] mysql_num_rows() expects parameter 1 to be resource, boolean given H:\WWW\www\jiaowu\ThinkPHP\sql\DbMysql.class.php 第 91 行.
INFO: [ app_end ] --START--
INFO: Run Behavior\ShowPageTraceBehavior [ RunTime:0.000743s ]
INFO: [ app_end ] --END-- [ RunTime:0.000789s ]

[ 2016-08-22T18:03:28+08:00 ] 127.0.0.1 /jiaowu/index.php/Home/Feddback/charu
INFO: [ app_init ] --START--
INFO: Run Behavior\BuildLiteBehavior [ RunTime:0.000012s ]
INFO: [ app_init ] --END-- [ RunTime:0.000326s ]
INFO: [ app_begin ] --START--
INFO: Run Behavior\ReadHtmlCacheBehavior [ RunTime:0.000612s ]
INFO: [ app_begin ] --END-- [ RunTime:0.000648s ]
NOTIC: [8] Use of undefined constant htmlspecialchars - assumed 'htmlspecialchars' H:\WWW\www\jiaowu\Application\Home\Controller\FeddbackController.class.php 第 9 行.
NOTIC: [8] Use of undefined constant htmlspecialchars - assumed 'htmlspecialchars' H:\WWW\www\jiaowu\Application\Home\Controller\FeddbackController.class.php 第 10 行.
NOTIC: [8] Use of undefined constant htmlspecialchars - assumed 'htmlspecialchars' H:\WWW\www\jiaowu\Application\Home\Controller\FeddbackController.class.php 第 11 行.
NOTIC: [8] Use of undefined constant htmlspecialchars - assumed 'htmlspecialchars' H:\WWW\www\jiaowu\Application\Home\Controller\FeddbackController.class.php 第 12 行.
NOTIC: [8] Use of undefined constant htmlspecialchars - assumed 'htmlspecialchars' H:\WWW\www\jiaowu\Application\Home\Controller\FeddbackController.class.php 第 13 行.
NOTIC: [8] Use of undefined constant htmlspecialchars - assumed 'htmlspecialchars' H:\WWW\www\jiaowu\Application\Home\Controller\FeddbackController.class.php 第 14 行.
NOTIC: [8] Use of undefined constant htmlspecialchars - assumed 'htmlspecialchars' H:\WWW\www\jiaowu\Application\Home\Controller\FeddbackController.class.php 第 15 行.
NOTIC: [8] Use of undefined constant htmlspecialchars - assumed 'htmlspecialchars' H:\WWW\www\jiaowu\Application\Home\Controller\FeddbackController.class.php 第 16 行.
NOTIC: [2] mysql_num_rows() expects parameter 1 to be resource, boolean given H:\WWW\www\jiaowu\ThinkPHP\sql\DbMysql.class.php 第 91 行.
INFO: [ app_end ] --START--
INFO: Run Behavior\ShowPageTraceBehavior [ RunTime:0.000736s ]
INFO: [ app_end ] --END-- [ RunTime:0.000778s ]

[ 2016-08-22T18:03:32+08:00 ] 127.0.0.1 /jiaowu/index.php/Home/Feddback/charu
INFO: [ app_init ] --START--
INFO: Run Behavior\BuildLiteBehavior [ RunTime:0.000013s ]
INFO: [ app_init ] --END-- [ RunTime:0.000302s ]
INFO: [ app_begin ] --START--
INFO: Run Behavior\ReadHtmlCacheBehavior [ RunTime:0.000554s ]
INFO: [ app_begin ] --END-- [ RunTime:0.000592s ]
NOTIC: [8] Use of undefined constant htmlspecialchars - assumed 'htmlspecialchars' H:\WWW\www\jiaowu\Application\Home\Controller\FeddbackController.class.php 第 9 行.
NOTIC: [8] Use of undefined constant htmlspecialchars - assumed 'htmlspecialchars' H:\WWW\www\jiaowu\Application\Home\Controller\FeddbackController.class.php 第 10 行.
NOTIC: [8] Use of undefined constant htmlspecialchars - assumed 'htmlspecialchars' H:\WWW\www\jiaowu\Application\Home\Controller\FeddbackController.class.php 第 11 行.
NOTIC: [8] Use of undefined constant htmlspecialchars - assumed 'htmlspecialchars' H:\WWW\www\jiaowu\Application\Home\Controller\FeddbackController.class.php 第 12 行.
NOTIC: [8] Use of undefined constant htmlspecialchars - assumed 'htmlspecialchars' H:\WWW\www\jiaowu\Application\Home\Controller\FeddbackController.class.php 第 13 行.
NOTIC: [8] Use of undefined constant htmlspecialchars - assumed 'htmlspecialchars' H:\WWW\www\jiaowu\Application\Home\Controller\FeddbackController.class.php 第 14 行.
NOTIC: [8] Use of undefined constant htmlspecialchars - assumed 'htmlspecialchars' H:\WWW\www\jiaowu\Application\Home\Controller\FeddbackController.class.php 第 15 行.
NOTIC: [8] Use of undefined constant htmlspecialchars - assumed 'htmlspecialchars' H:\WWW\www\jiaowu\Application\Home\Controller\FeddbackController.class.php 第 16 行.
NOTIC: [2] mysql_num_rows() expects parameter 1 to be resource, boolean given H:\WWW\www\jiaowu\ThinkPHP\sql\DbMysql.class.php 第 91 行.
INFO: [ app_end ] --START--
INFO: Run Behavior\ShowPageTraceBehavior [ RunTime:0.000684s ]
INFO: [ app_end ] --END-- [ RunTime:0.000724s ]

[ 2016-08-22T18:04:55+08:00 ] 127.0.0.1 /jiaowu/index.php/Home/Feddback/cuser
INFO: [ app_init ] --START--
INFO: Run Behavior\BuildLiteBehavior [ RunTime:0.000012s ]
INFO: [ app_init ] --END-- [ RunTime:0.000308s ]
INFO: [ app_begin ] --START--
INFO: Run Behavior\ReadHtmlCacheBehavior [ RunTime:0.000731s ]
INFO: [ app_begin ] --END-- [ RunTime:0.000769s ]
INFO: [ app_end ] --START--
INFO: Run Behavior\ShowPageTraceBehavior [ RunTime:0.000721s ]
INFO: [ app_end ] --END-- [ RunTime:0.000774s ]

[ 2016-08-22T18:05:02+08:00 ] 127.0.0.1 /jiaowu/index.php/Home/Feddback/charu
INFO: [ app_init ] --START--
INFO: Run Behavior\BuildLiteBehavior [ RunTime:0.000012s ]
INFO: [ app_init ] --END-- [ RunTime:0.000301s ]
INFO: [ app_begin ] --START--
INFO: Run Behavior\ReadHtmlCacheBehavior [ RunTime:0.000553s ]
INFO: [ app_begin ] --END-- [ RunTime:0.000589s ]
NOTIC: [8] Use of undefined constant htmlspecialchars - assumed 'htmlspecialchars' H:\WWW\www\jiaowu\Application\Home\Controller\FeddbackController.class.php 第 9 行.
NOTIC: [8] Use of undefined constant htmlspecialchars - assumed 'htmlspecialchars' H:\WWW\www\jiaowu\Application\Home\Controller\FeddbackController.class.php 第 10 行.
NOTIC: [8] Use of undefined constant htmlspecialchars - assumed 'htmlspecialchars' H:\WWW\www\jiaowu\Application\Home\Controller\FeddbackController.class.php 第 11 行.
NOTIC: [8] Use of undefined constant htmlspecialchars - assumed 'htmlspecialchars' H:\WWW\www\jiaowu\Application\Home\Controller\FeddbackController.class.php 第 12 行.
NOTIC: [8] Use of undefined constant htmlspecialchars - assumed 'htmlspecialchars' H:\WWW\www\jiaowu\Application\Home\Controller\FeddbackController.class.php 第 13 行.
NOTIC: [8] Use of undefined constant htmlspecialchars - assumed 'htmlspecialchars' H:\WWW\www\jiaowu\Application\Home\Controller\FeddbackController.class.php 第 14 行.
NOTIC: [8] Use of undefined constant htmlspecialchars - assumed 'htmlspecialchars' H:\WWW\www\jiaowu\Application\Home\Controller\FeddbackController.class.php 第 15 行.
NOTIC: [8] Use of undefined constant htmlspecialchars - assumed 'htmlspecialchars' H:\WWW\www\jiaowu\Application\Home\Controller\FeddbackController.class.php 第 16 行.
NOTIC: [2] mysql_num_rows() expects parameter 1 to be resource, boolean given H:\WWW\www\jiaowu\ThinkPHP\sql\DbMysql.class.php 第 91 行.
INFO: [ app_end ] --START--
INFO: Run Behavior\ShowPageTraceBehavior [ RunTime:0.000700s ]
INFO: [ app_end ] --END-- [ RunTime:0.000740s ]

[ 2016-08-22T18:13:24+08:00 ] 127.0.0.1 /jiaowu/index.php/Home/Feddback/charu
INFO: [ app_init ] --START--
INFO: Run Behavior\BuildLiteBehavior [ RunTime:0.000013s ]
INFO: [ app_init ] --END-- [ RunTime:0.000317s ]
INFO: [ app_begin ] --START--
INFO: Run Behavior\ReadHtmlCacheBehavior [ RunTime:0.000564s ]
INFO: [ app_begin ] --END-- [ RunTime:0.000600s ]
NOTIC: [8] Use of undefined constant htmlspecialchars - assumed 'htmlspecialchars' H:\WWW\www\jiaowu\Application\Home\Controller\FeddbackController.class.php 第 9 行.
NOTIC: [8] Use of undefined constant htmlspecialchars - assumed 'htmlspecialchars' H:\WWW\www\jiaowu\Application\Home\Controller\FeddbackController.class.php 第 10 行.
NOTIC: [8] Use of undefined constant htmlspecialchars - assumed 'htmlspecialchars' H:\WWW\www\jiaowu\Application\Home\Controller\FeddbackController.class.php 第 11 行.
NOTIC: [8] Use of undefined constant htmlspecialchars - assumed 'htmlspecialchars' H:\WWW\www\jiaowu\Application\Home\Controller\FeddbackController.class.php 第 12 行.
NOTIC: [8] Use of undefined constant htmlspecialchars - assumed 'htmlspecialchars' H:\WWW\www\jiaowu\Application\Home\Controller\FeddbackController.class.php 第 13 行.
NOTIC: [8] Use of undefined constant htmlspecialchars - assumed 'htmlspecialchars' H:\WWW\www\jiaowu\Application\Home\Controller\FeddbackController.class.php 第 14 行.
NOTIC: [8] Use of undefined constant htmlspecialchars - assumed 'htmlspecialchars' H:\WWW\www\jiaowu\Application\Home\Controller\FeddbackController.class.php 第 15 行.
NOTIC: [8] Use of undefined constant htmlspecialchars - assumed 'htmlspecialchars' H:\WWW\www\jiaowu\Application\Home\Controller\FeddbackController.class.php 第 16 行.
NOTIC: [2] mysql_num_rows() expects parameter 1 to be resource, boolean given H:\WWW\www\jiaowu\ThinkPHP\sql\DbMysql.class.php 第 91 行.
INFO: [ app_end ] --START--
INFO: Run Behavior\ShowPageTraceBehavior [ RunTime:0.000871s ]
INFO: [ app_end ] --END-- [ RunTime:0.000923s ]

[ 2016-08-22T18:15:48+08:00 ] 127.0.0.1 /jiaowu/index.php/Home/Feddback/cuser
INFO: [ app_init ] --START--
INFO: Run Behavior\BuildLiteBehavior [ RunTime:0.000013s ]
INFO: [ app_init ] --END-- [ RunTime:0.000366s ]
INFO: [ app_begin ] --START--
INFO: Run Behavior\ReadHtmlCacheBehavior [ RunTime:0.000540s ]
INFO: [ app_begin ] --END-- [ RunTime:0.000587s ]
INFO: [ app_end ] --START--
INFO: Run Behavior\ShowPageTraceBehavior [ RunTime:0.000775s ]
INFO: [ app_end ] --END-- [ RunTime:0.000827s ]

[ 2016-08-22T18:15:51+08:00 ] 127.0.0.1 /jiaowu/index.php/Home/Feddback/charu
INFO: [ app_init ] --START--
INFO: Run Behavior\BuildLiteBehavior [ RunTime:0.000013s ]
INFO: [ app_init ] --END-- [ RunTime:0.000302s ]
INFO: [ app_begin ] --START--
INFO: Run Behavior\ReadHtmlCacheBehavior [ RunTime:0.000562s ]
INFO: [ app_begin ] --END-- [ RunTime:0.000598s ]
NOTIC: [8] Use of undefined constant htmlspecialchars - assumed 'htmlspecialchars' H:\WWW\www\jiaowu\Application\Home\Controller\FeddbackController.class.php 第 9 行.
NOTIC: [8] Use of undefined constant htmlspecialchars - assumed 'htmlspecialchars' H:\WWW\www\jiaowu\Application\Home\Controller\FeddbackController.class.php 第 10 行.
NOTIC: [8] Use of undefined constant htmlspecialchars - assumed 'htmlspecialchars' H:\WWW\www\jiaowu\Application\Home\Controller\FeddbackController.class.php 第 11 行.
NOTIC: [8] Use of undefined constant htmlspecialchars - assumed 'htmlspecialchars' H:\WWW\www\jiaowu\Application\Home\Controller\FeddbackController.class.php 第 12 行.
NOTIC: [8] Use of undefined constant htmlspecialchars - assumed 'htmlspecialchars' H:\WWW\www\jiaowu\Application\Home\Controller\FeddbackController.class.php 第 13 行.
NOTIC: [8] Use of undefined constant htmlspecialchars - assumed 'htmlspecialchars' H:\WWW\www\jiaowu\Application\Home\Controller\FeddbackController.class.php 第 14 行.
NOTIC: [8] Use of undefined constant htmlspecialchars - assumed 'htmlspecialchars' H:\WWW\www\jiaowu\Application\Home\Controller\FeddbackController.class.php 第 15 行.
NOTIC: [8] Use of undefined constant htmlspecialchars - assumed 'htmlspecialchars' H:\WWW\www\jiaowu\Application\Home\Controller\FeddbackController.class.php 第 16 行.
NOTIC: [2] mysql_num_rows() expects parameter 1 to be resource, boolean given H:\WWW\www\jiaowu\ThinkPHP\sql\DbMysql.class.php 第 91 行.
INFO: [ app_end ] --START--
INFO: Run Behavior\ShowPageTraceBehavior [ RunTime:0.000663s ]
INFO: [ app_end ] --END-- [ RunTime:0.000704s ]

