[ 2016-08-21T10:47:06+08:00 ] 127.0.0.1 /jiaowu/index.php/Gzht/index/page/2.html
INFO: [ app_init ] --START--
INFO: Run Behavior\BuildLiteBehavior [ RunTime:0.000018s ]
INFO: [ app_init ] --END-- [ RunTime:0.000461s ]
ERR: 无法加载模块:Gzht

[ 2016-08-21T10:48:21+08:00 ] 127.0.0.1 /jiaowu/index.php/jiaowu/index.php/Admin/Gzht/index/page/2.html
INFO: [ app_init ] --START--
INFO: Run Behavior\BuildLiteBehavior [ RunTime:0.000023s ]
INFO: [ app_init ] --END-- [ RunTime:0.000487s ]
ERR: 无法加载模块:Jiaowu

[ 2016-08-21T10:49:23+08:00 ] 127.0.0.1 /jiaowu/index.php/Gzht/index/page/2.html
INFO: [ app_init ] --START--
INFO: Run Behavior\BuildLiteBehavior [ RunTime:0.000011s ]
INFO: [ app_init ] --END-- [ RunTime:0.000270s ]
ERR: 无法加载模块:Gzht

[ 2016-08-21T10:49:42+08:00 ] 127.0.0.1 /jiaowu/index.php/Gzht/index/page/0.html
INFO: [ app_init ] --START--
INFO: Run Behavior\BuildLiteBehavior [ RunTime:0.000019s ]
INFO: [ app_init ] --END-- [ RunTime:0.000445s ]
ERR: 无法加载模块:Gzht

[ 2016-08-21T10:52:02+08:00 ] 127.0.0.1 /jiaowu/index.php/Gzht/index/page/2.html
INFO: [ app_init ] --START--
INFO: Run Behavior\BuildLiteBehavior [ RunTime:0.000018s ]
INFO: [ app_init ] --END-- [ RunTime:0.000404s ]
ERR: 无法加载模块:Gzht

[ 2016-08-21T10:53:18+08:00 ] 127.0.0.1 /jiaowu/index.php/Gzht/index/page/2.html
INFO: [ app_init ] --START--
INFO: Run Behavior\BuildLiteBehavior [ RunTime:0.000011s ]
INFO: [ app_init ] --END-- [ RunTime:0.000302s ]
ERR: 无法加载模块:Gzht

[ 2016-08-21T10:53:21+08:00 ] 127.0.0.1 /jiaowu/index.php/Gzht/index/page/0.html
INFO: [ app_init ] --START--
INFO: Run Behavior\BuildLiteBehavior [ RunTime:0.000019s ]
INFO: [ app_init ] --END-- [ RunTime:0.000452s ]
ERR: 无法加载模块:Gzht

[ 2016-08-21T10:53:38+08:00 ] 127.0.0.1 /jiaowu/index.php/Gzht/index/page/2.html
INFO: [ app_init ] --START--
INFO: Run Behavior\BuildLiteBehavior [ RunTime:0.000020s ]
INFO: [ app_init ] --END-- [ RunTime:0.000463s ]
ERR: 无法加载模块:Gzht

